{"numFailedTestSuites":0,"numFailedTests":0,"numPassedTestSuites":1,"numPassedTests":3,"numPendingTestSuites":0,"numPendingTests":0,"numRuntimeErrorTestSuites":0,"numTodoTests":0,"numTotalTestSuites":1,"numTotalTests":3,"openHandles":[],"snapshot":{"added":0,"didUpdate":false,"failure":false,"filesAdded":0,"filesRemoved":0,"filesRemovedList":[],"filesUnmatched":0,"filesUpdated":0,"matched":0,"total":0,"unchecked":0,"uncheckedKeysByFile":[],"unmatched":0,"updated":0},"startTime":1786632245942,"success":true,"testResults":[{"assertionResults":[{"ancestorTitles":["TelegramValidationService"],"duration":15,"failureDetails":[],"failureMessages":[],"fullName":"TelegramValidationService should validate valid initData","invocations":1,"location":null,"numPassingAsserts":1,"retryReasons":[],"status":"passed","title":"should validate valid initData"},{"ancestorTitles":["TelegramValidationService"],"duration":15,"failureDetails":[],"failureMessages":[],"fullName":"TelegramValidationService should throw when initData is missing","invocations":1,"location":null,"numPassingAsserts":1,"retryReasons":[],"status":"passed","title":"should throw when initData is missing"},{"ancestorTitles":["TelegramValidationService"],"duration":4,"failureDetails":[],"failureMessages":[],"fullName":"TelegramValidationService should throw when auth_date expired","invocations":1,"location":null,"numPassingAsserts":1,"retryReasons":[],"status":"passed","title":"should throw when auth_date expired"}],"endTime":1786632250289,"message":"","name":"F:\\project\\fitnes_tracker\\backend-nest\\test\\unit\\telegram-validation.service.spec.ts","startTime":1786632246282,"status":"passed","summary":""}],"wasInterrupted":false}
